<?xml version="1.0" encoding="UTF-8"?>
<testsuite xmlns:xsi="http://www.w3.org/2001/XMLSchema-instance" xsi:noNamespaceSchemaLocation="https://maven.apache.org/surefire/maven-surefire-plugin/xsd/surefire-test-report-3.0.xsd" version="3.0" name="TestSuite" time="5.359" tests="1" errors="0" skipped="0" failures="0">
  <properties>
[...]
</properties>
  <testcase name="tc01[srijyu789@gmail.com, 68769](1)" classname="com.java.Details" time="0.169">
    <system-out><![CDATA[srijyu789@gmail.com
68769
]]></system-out>
  </testcase>
</testsuite>