<?xml version="1.0" encoding="UTF-8"?>
<testng-results skipped="0" failed="0" ignored="0" total="1" passed="1">
  <reporter-output>
  </reporter-output>
  <suite name="Suite" duration-ms="612" started-at="2023-03-08T13:49:32Z" finished-at="2023-03-08T13:49:32Z">
    <groups>
    </groups>
    <test name="Test" duration-ms="612" started-at="2023-03-08T13:49:32Z" finished-at="2023-03-08T13:49:32Z">
      <class name="com.java.Details">
        <test-method status="PASS" signature="tc01(java.lang.String, java.lang.String)[pri:0, instance:com.java.Details@6a024a67]" name="tc01" duration-ms="369" started-at="2023-03-08T13:49:32Z" finished-at="2023-03-08T13:49:32Z">
          <params>
            <param index="0">
              <value>
                <![CDATA[srijyu789@gmail.com]]>
              </value>
            </param>
            <param index="1">
              <value>
                <![CDATA[68769]]>
              </value>
            </param>
          </params>
          <reporter-output>
          </reporter-output>
        </test-method> <!-- tc01 -->
      </class> <!-- com.java.Details -->
    </test> <!-- Test -->
  </suite> <!-- Suite -->
</testng-results>
